26-12-2019 15:58:40 c.e.b.controller.BitcoinController  6 42 4 0
26-12-2019 15:59:40 c.e.b.controller.BitcoinController  6 42 4 0
26-12-2019 16:00:40 c.e.b.controller.BitcoinController  6 42 4 0
26-12-2019 16:01:40 c.e.b.controller.BitcoinController  6 42 4 0
26-12-2019 16:02:40 c.e.b.controller.BitcoinController  6 42 4 0
26-12-2019 16:03:40 c.e.b.controller.BitcoinController  6 42 4 0
26-12-2019 16:04:40 c.e.b.controller.BitcoinController  6 42 4 0
26-12-2019 16:05:40 c.e.b.controller.BitcoinController  6 42 4 0
26-12-2019 16:06:40 c.e.b.controller.BitcoinController  6 42 4 0
26-12-2019 16:07:40 c.e.b.controller.BitcoinController  6 42 4 0
26-12-2019 16:08:40 c.e.b.controller.BitcoinController  6 42 4 0
26-12-2019 16:09:41 c.e.b.controller.BitcoinController  6 42 4 0
26-12-2019 16:10:40 c.e.b.controller.BitcoinController  6 42 4 0
26-12-2019 16:11:40 c.e.b.controller.BitcoinController  6 42 4 0
26-12-2019 16:12:41 c.e.b.controller.BitcoinController  6 42 4 0
26-12-2019 16:13:40 c.e.b.controller.BitcoinController  6 42 4 0
26-12-2019 16:14:40 c.e.b.controller.BitcoinController  6 42 4 0
26-12-2019 16:15:40 c.e.b.controller.BitcoinController  6 42 4 0
26-12-2019 16:16:40 c.e.b.controller.BitcoinController  6 42 4 0
26-12-2019 16:17:40 c.e.b.controller.BitcoinController  6 42 4 0
26-12-2019 16:18:40 c.e.b.controller.BitcoinController  6 42 4 0
26-12-2019 16:23:40 c.e.b.controller.BitcoinController  6 42 4 0
26-12-2019 16:24:41 c.e.b.controller.BitcoinController  6 42 4 0
26-12-2019 16:25:40 c.e.b.controller.BitcoinController  6 42 4 0
26-12-2019 16:26:40 c.e.b.controller.BitcoinController  6 42 4 0
26-12-2019 16:27:40 c.e.b.controller.BitcoinController  6 42 4 0
26-12-2019 16:28:40 c.e.b.controller.BitcoinController  6 42 4 0
26-12-2019 16:29:40 c.e.b.controller.BitcoinController  6 42 4 0
26-12-2019 16:30:40 c.e.b.controller.BitcoinController  6 42 4 0
26-12-2019 16:31:40 c.e.b.controller.BitcoinController  6 42 4 0
26-12-2019 16:32:40 c.e.b.controller.BitcoinController  6 42 4 0
26-12-2019 16:33:40 c.e.b.controller.BitcoinController  6 42 4 0
26-12-2019 16:34:40 c.e.b.controller.BitcoinController  6 42 4 0
26-12-2019 16:35:40 c.e.b.controller.BitcoinController  6 42 4 0
26-12-2019 16:36:40 c.e.b.controller.BitcoinController  6 42 4 0
26-12-2019 16:37:40 c.e.b.controller.BitcoinController  6 42 4 0
26-12-2019 16:38:40 c.e.b.controller.BitcoinController  6 42 4 0
26-12-2019 16:39:40 c.e.b.controller.BitcoinController  6 42 4 0
26-12-2019 16:40:40 c.e.b.controller.BitcoinController  6 42 4 0
26-12-2019 16:41:40 c.e.b.controller.BitcoinController  6 42 4 0
26-12-2019 16:42:40 c.e.b.controller.BitcoinController  6 42 4 0
26-12-2019 16:43:40 c.e.b.controller.BitcoinController  6 42 4 0
26-12-2019 16:44:40 c.e.b.controller.BitcoinController  6 42 4 0
26-12-2019 16:45:40 c.e.b.controller.BitcoinController  6 42 4 0
26-12-2019 16:46:40 c.e.b.controller.BitcoinController  6 42 4 0
26-12-2019 16:47:40 c.e.b.controller.BitcoinController  6 42 4 0
26-12-2019 16:48:40 c.e.b.controller.BitcoinController  6 42 4 0
26-12-2019 16:49:40 c.e.b.controller.BitcoinController  6 42 4 0
26-12-2019 16:50:40 c.e.b.controller.BitcoinController  6 42 4 0
26-12-2019 16:51:41 c.e.b.controller.BitcoinController  6 42 4 0
26-12-2019 16:52:40 c.e.b.controller.BitcoinController  6 42 4 0
26-12-2019 16:53:40 c.e.b.controller.BitcoinController  6 42 4 0
26-12-2019 16:54:40 c.e.b.controller.BitcoinController  6 42 4 0
26-12-2019 16:55:41 c.e.b.controller.BitcoinController  6 42 4 0
26-12-2019 16:56:40 c.e.b.controller.BitcoinController  6 42 4 0
26-12-2019 17:15:06 c.e.b.controller.BitcoinController  6 42 4 0
26-12-2019 17:15:06 c.e.b.controller.BitcoinController  6 42 4 0
26-12-2019 17:15:07 c.e.b.controller.BitcoinController  6 42 4 0
26-12-2019 17:15:07 c.e.b.controller.BitcoinController  6 42 4 0
26-12-2019 17:15:07 c.e.b.controller.BitcoinController  6 42 4 0
26-12-2019 17:15:07 c.e.b.controller.BitcoinController  6 42 4 0
26-12-2019 17:15:08 c.e.b.controller.BitcoinController  6 42 4 0
26-12-2019 17:15:08 c.e.b.controller.BitcoinController  6 42 4 0
26-12-2019 17:15:08 c.e.b.controller.BitcoinController  6 42 4 0
26-12-2019 17:15:09 c.e.b.controller.BitcoinController  6 42 4 0
26-12-2019 17:15:09 c.e.b.controller.BitcoinController  6 42 4 0
26-12-2019 17:15:09 c.e.b.controller.BitcoinController  6 42 4 0
26-12-2019 17:15:09 c.e.b.controller.BitcoinController  6 42 4 0
26-12-2019 17:15:10 c.e.b.controller.BitcoinController  6 42 4 0
26-12-2019 17:15:10 c.e.b.controller.BitcoinController  6 42 4 0
26-12-2019 17:15:10 c.e.b.controller.BitcoinController  6 42 4 0
26-12-2019 17:15:10 c.e.b.controller.BitcoinController  6 42 4 0
26-12-2019 17:15:10 c.e.b.controller.BitcoinController  6 42 4 0
26-12-2019 17:15:40 c.e.b.controller.BitcoinController  6 42 4 0
26-12-2019 17:16:40 c.e.b.controller.BitcoinController  6 42 4 0
26-12-2019 17:17:40 c.e.b.controller.BitcoinController  6 42 4 0
26-12-2019 17:18:40 c.e.b.controller.BitcoinController  6 42 4 0
26-12-2019 17:19:40 c.e.b.controller.BitcoinController  6 42 4 0
26-12-2019 17:20:42 c.e.b.controller.BitcoinController  6 42 4 0
26-12-2019 17:21:40 c.e.b.controller.BitcoinController  6 42 4 0
26-12-2019 17:21:40 c.e.b.controller.BitcoinController  6 42 4 0
26-12-2019 17:22:40 c.e.b.controller.BitcoinController  6 42 4 0
26-12-2019 17:22:40 c.e.b.controller.BitcoinController  6 42 4 0
26-12-2019 17:23:40 c.e.b.controller.BitcoinController  6 42 4 0
26-12-2019 17:23:41 c.e.b.controller.BitcoinController  6 42 4 0
26-12-2019 17:24:40 c.e.b.controller.BitcoinController  6 42 4 0
26-12-2019 17:24:41 c.e.b.controller.BitcoinController  6 42 4 0
26-12-2019 17:24:41 c.e.b.controller.BitcoinController  6 42 4 0
26-12-2019 17:24:42 c.e.b.controller.BitcoinController  6 42 4 0
26-12-2019 17:25:39 c.e.b.controller.BitcoinController  6 42 4 0
26-12-2019 17:25:40 c.e.b.controller.BitcoinController  6 42 4 0
26-12-2019 17:25:40 c.e.b.controller.BitcoinController  6 42 4 0
26-12-2019 17:25:40 c.e.b.controller.BitcoinController  6 42 4 0
26-12-2019 17:26:40 c.e.b.controller.BitcoinController  6 42 4 0
26-12-2019 17:26:40 c.e.b.controller.BitcoinController  6 42 4 0
26-12-2019 17:26:40 c.e.b.controller.BitcoinController  6 42 4 0
26-12-2019 17:26:41 c.e.b.controller.BitcoinController  6 42 4 0
26-12-2019 17:26:41 c.e.b.controller.BitcoinController  6 42 4 0
26-12-2019 17:27:40 c.e.b.controller.BitcoinController  6 42 4 0
26-12-2019 17:27:40 c.e.b.controller.BitcoinController  6 42 4 0
26-12-2019 17:27:41 c.e.b.controller.BitcoinController  6 42 4 0
26-12-2019 17:27:41 c.e.b.controller.BitcoinController  6 42 4 0
26-12-2019 17:27:41 c.e.b.controller.BitcoinController  6 42 4 0
26-12-2019 17:28:40 c.e.b.controller.BitcoinController  6 42 4 0
26-12-2019 17:28:42 c.e.b.controller.BitcoinController  6 42 4 0
26-12-2019 17:28:43 c.e.b.controller.BitcoinController  6 42 4 0
26-12-2019 17:28:45 c.e.b.controller.BitcoinController  6 42 4 0
26-12-2019 17:28:46 c.e.b.controller.BitcoinController  6 42 4 0
26-12-2019 17:29:40 c.e.b.controller.BitcoinController  6 42 4 0
26-12-2019 17:29:40 c.e.b.controller.BitcoinController  6 42 4 0
26-12-2019 17:29:40 c.e.b.controller.BitcoinController  6 42 4 0
26-12-2019 17:29:40 c.e.b.controller.BitcoinController  6 42 4 0
26-12-2019 17:29:41 c.e.b.controller.BitcoinController  6 42 4 0
26-12-2019 17:49:10 c.e.b.controller.BitcoinController  6 42 4 0
26-12-2019 17:49:11 c.e.b.controller.BitcoinController  6 42 4 0
26-12-2019 17:49:11 c.e.b.controller.BitcoinController  6 42 4 0
26-12-2019 17:49:11 c.e.b.controller.BitcoinController  6 42 4 0
26-12-2019 17:49:12 c.e.b.controller.BitcoinController  6 42 4 0
26-12-2019 17:49:12 c.e.b.controller.BitcoinController  6 42 4 0
26-12-2019 17:49:13 c.e.b.controller.BitcoinController  6 42 4 0
26-12-2019 17:49:13 c.e.b.controller.BitcoinController  6 42 4 0
26-12-2019 17:49:14 c.e.b.controller.BitcoinController  6 42 4 0
26-12-2019 17:49:15 c.e.b.controller.BitcoinController  6 42 4 0
26-12-2019 17:49:15 c.e.b.controller.BitcoinController  6 42 4 0
26-12-2019 17:49:16 c.e.b.controller.BitcoinController  6 42 4 0
26-12-2019 17:49:17 c.e.b.controller.BitcoinController  6 42 4 0
26-12-2019 17:49:17 c.e.b.controller.BitcoinController  6 42 4 0
26-12-2019 17:49:18 c.e.b.controller.BitcoinController  6 42 4 0
26-12-2019 17:49:18 c.e.b.controller.BitcoinController  6 42 4 0
26-12-2019 17:49:19 c.e.b.controller.BitcoinController  6 42 4 0
26-12-2019 17:49:19 c.e.b.controller.BitcoinController  6 42 4 0
26-12-2019 17:49:19 c.e.b.controller.BitcoinController  6 42 4 0
26-12-2019 17:49:20 c.e.b.controller.BitcoinController  6 42 4 0
26-12-2019 17:49:20 c.e.b.controller.BitcoinController  6 42 4 0
26-12-2019 17:49:20 c.e.b.controller.BitcoinController  6 42 4 0
26-12-2019 17:49:21 c.e.b.controller.BitcoinController  6 42 4 0
26-12-2019 17:49:21 c.e.b.controller.BitcoinController  6 42 4 0
26-12-2019 17:49:21 c.e.b.controller.BitcoinController  6 42 4 0
26-12-2019 17:49:21 c.e.b.controller.BitcoinController  6 42 4 0
26-12-2019 17:49:21 c.e.b.controller.BitcoinController  6 42 4 0
26-12-2019 17:49:22 c.e.b.controller.BitcoinController  6 42 4 0
26-12-2019 17:49:22 c.e.b.controller.BitcoinController  6 42 4 0
26-12-2019 17:49:22 c.e.b.controller.BitcoinController  6 42 4 0
26-12-2019 17:49:22 c.e.b.controller.BitcoinController  6 42 4 0
26-12-2019 17:49:22 c.e.b.controller.BitcoinController  6 42 4 0
26-12-2019 17:49:23 c.e.b.controller.BitcoinController  6 42 4 0
26-12-2019 17:49:23 c.e.b.controller.BitcoinController  6 42 4 0
26-12-2019 17:49:23 c.e.b.controller.BitcoinController  6 42 4 0
26-12-2019 17:49:24 c.e.b.controller.BitcoinController  6 42 4 0
26-12-2019 17:49:24 c.e.b.controller.BitcoinController  6 42 4 0
26-12-2019 17:49:24 c.e.b.controller.BitcoinController  6 42 4 0
26-12-2019 17:49:25 c.e.b.controller.BitcoinController  6 42 4 0
26-12-2019 17:49:25 c.e.b.controller.BitcoinController  6 42 4 0
26-12-2019 17:49:25 c.e.b.controller.BitcoinController  6 42 4 0
26-12-2019 17:49:25 c.e.b.controller.BitcoinController  6 42 4 0
26-12-2019 17:49:26 c.e.b.controller.BitcoinController  6 42 4 0
26-12-2019 17:49:26 c.e.b.controller.BitcoinController  6 42 4 0
26-12-2019 17:49:27 c.e.b.controller.BitcoinController  6 42 4 0
26-12-2019 17:49:27 c.e.b.controller.BitcoinController  6 42 4 0
26-12-2019 17:49:27 c.e.b.controller.BitcoinController  6 42 4 0
26-12-2019 17:49:28 c.e.b.controller.BitcoinController  6 42 4 0
26-12-2019 17:49:28 c.e.b.controller.BitcoinController  6 42 4 0
26-12-2019 17:49:28 c.e.b.controller.BitcoinController  6 42 4 0
26-12-2019 17:49:29 c.e.b.controller.BitcoinController  6 42 4 0
26-12-2019 17:49:29 c.e.b.controller.BitcoinController  6 42 4 0
26-12-2019 17:49:29 c.e.b.controller.BitcoinController  6 42 4 0
26-12-2019 17:49:29 c.e.b.controller.BitcoinController  6 42 4 0
26-12-2019 17:49:30 c.e.b.controller.BitcoinController  6 42 4 0
26-12-2019 17:49:30 c.e.b.controller.BitcoinController  6 42 4 0
26-12-2019 17:49:30 c.e.b.controller.BitcoinController  6 42 4 0
26-12-2019 17:49:31 c.e.b.controller.BitcoinController  6 42 4 0
26-12-2019 17:49:31 c.e.b.controller.BitcoinController  6 42 4 0
26-12-2019 17:49:32 c.e.b.controller.BitcoinController  6 42 4 0
26-12-2019 17:49:32 c.e.b.controller.BitcoinController  6 42 4 0
26-12-2019 17:49:32 c.e.b.controller.BitcoinController  6 42 4 0
26-12-2019 17:49:33 c.e.b.controller.BitcoinController  6 42 4 0
26-12-2019 17:49:33 c.e.b.controller.BitcoinController  6 42 4 0
26-12-2019 17:49:34 c.e.b.controller.BitcoinController  6 42 4 0
26-12-2019 17:49:34 c.e.b.controller.BitcoinController  6 42 4 0
26-12-2019 17:49:34 c.e.b.controller.BitcoinController  6 42 4 0
26-12-2019 17:49:35 c.e.b.controller.BitcoinController  6 42 4 0
26-12-2019 17:49:35 c.e.b.controller.BitcoinController  6 42 4 0
26-12-2019 17:49:36 c.e.b.controller.BitcoinController  6 42 4 0
26-12-2019 17:49:36 c.e.b.controller.BitcoinController  6 42 4 0
26-12-2019 17:49:36 c.e.b.controller.BitcoinController  6 42 4 0
26-12-2019 17:49:37 c.e.b.controller.BitcoinController  6 42 4 0
26-12-2019 17:49:38 c.e.b.controller.BitcoinController  6 42 4 0
26-12-2019 17:49:38 c.e.b.controller.BitcoinController  6 42 4 0
26-12-2019 17:49:39 c.e.b.controller.BitcoinController  6 42 4 0
26-12-2019 17:49:39 c.e.b.controller.BitcoinController  6 42 4 0
26-12-2019 17:49:40 c.e.b.controller.BitcoinController  6 42 4 0
26-12-2019 17:49:40 c.e.b.controller.BitcoinController  6 42 4 0
26-12-2019 17:49:41 c.e.b.controller.BitcoinController  6 42 4 0
26-12-2019 17:49:41 c.e.b.controller.BitcoinController  6 42 4 0
26-12-2019 17:49:42 c.e.b.controller.BitcoinController  6 42 4 0
26-12-2019 17:49:42 c.e.b.controller.BitcoinController  6 42 4 0
26-12-2019 17:49:42 c.e.b.controller.BitcoinController  6 42 4 0
26-12-2019 17:49:42 c.e.b.controller.BitcoinController  6 42 4 0
26-12-2019 17:49:43 c.e.b.controller.BitcoinController  6 42 4 0
26-12-2019 17:49:43 c.e.b.controller.BitcoinController  6 42 4 0
26-12-2019 17:49:43 c.e.b.controller.BitcoinController  6 42 4 0
26-12-2019 17:49:44 c.e.b.controller.BitcoinController  6 42 4 0
26-12-2019 17:49:44 c.e.b.controller.BitcoinController  6 42 4 0
26-12-2019 17:49:44 c.e.b.controller.BitcoinController  6 42 4 0
26-12-2019 17:49:45 c.e.b.controller.BitcoinController  6 42 4 0
26-12-2019 17:49:45 c.e.b.controller.BitcoinController  6 42 4 0
26-12-2019 17:49:45 c.e.b.controller.BitcoinController  6 42 4 0
26-12-2019 17:49:46 c.e.b.controller.BitcoinController  6 42 4 0
26-12-2019 17:49:46 c.e.b.controller.BitcoinController  6 42 4 0
26-12-2019 17:49:46 c.e.b.controller.BitcoinController  6 42 4 0
26-12-2019 17:49:46 c.e.b.controller.BitcoinController  6 42 4 0
26-12-2019 17:49:47 c.e.b.controller.BitcoinController  6 42 4 0
26-12-2019 17:49:47 c.e.b.controller.BitcoinController  6 42 4 0
26-12-2019 17:50:33 c.e.b.controller.BitcoinController  6 42 4 0
26-12-2019 17:50:33 c.e.b.controller.BitcoinController  6 42 4 0
26-12-2019 17:50:33 c.e.b.controller.BitcoinController  6 42 4 0
26-12-2019 17:50:33 c.e.b.controller.BitcoinController  6 42 4 0
26-12-2019 17:50:33 c.e.b.controller.BitcoinController  6 42 4 0
26-12-2019 17:50:33 c.e.b.controller.BitcoinController  6 42 4 0
26-12-2019 17:51:33 c.e.b.controller.BitcoinController  6 42 4 0
26-12-2019 17:51:33 c.e.b.controller.BitcoinController  6 42 4 0
26-12-2019 17:51:33 c.e.b.controller.BitcoinController  6 42 4 0
26-12-2019 17:51:33 c.e.b.controller.BitcoinController  6 42 4 0
26-12-2019 17:51:34 c.e.b.controller.BitcoinController  6 42 4 0
26-12-2019 17:51:34 c.e.b.controller.BitcoinController  6 42 4 0
26-12-2019 17:52:33 c.e.b.controller.BitcoinController  6 42 4 0
26-12-2019 17:52:33 c.e.b.controller.BitcoinController  6 42 4 0
26-12-2019 17:52:33 c.e.b.controller.BitcoinController  6 42 4 0
26-12-2019 17:52:33 c.e.b.controller.BitcoinController  6 42 4 0
26-12-2019 17:52:34 c.e.b.controller.BitcoinController  6 42 4 0
26-12-2019 17:52:34 c.e.b.controller.BitcoinController  6 42 4 0
26-12-2019 17:53:33 c.e.b.controller.BitcoinController  6 42 4 0
26-12-2019 17:53:33 c.e.b.controller.BitcoinController  6 42 4 0
26-12-2019 17:53:33 c.e.b.controller.BitcoinController  6 42 4 0
26-12-2019 17:53:34 c.e.b.controller.BitcoinController  6 42 4 0
26-12-2019 17:53:34 c.e.b.controller.BitcoinController  6 42 4 0
26-12-2019 17:53:34 c.e.b.controller.BitcoinController  6 42 4 0
26-12-2019 17:54:33 c.e.b.controller.BitcoinController  6 42 4 0
26-12-2019 17:54:33 c.e.b.controller.BitcoinController  6 42 4 0
26-12-2019 17:54:33 c.e.b.controller.BitcoinController  6 42 4 0
26-12-2019 17:54:33 c.e.b.controller.BitcoinController  6 42 4 0
26-12-2019 17:54:34 c.e.b.controller.BitcoinController  6 42 4 0
26-12-2019 17:54:34 c.e.b.controller.BitcoinController  6 42 4 0
26-12-2019 17:55:33 c.e.b.controller.BitcoinController  6 42 4 0
26-12-2019 17:55:33 c.e.b.controller.BitcoinController  6 42 4 0
26-12-2019 17:55:33 c.e.b.controller.BitcoinController  6 42 4 0
26-12-2019 17:55:34 c.e.b.controller.BitcoinController  6 42 4 0
26-12-2019 17:55:34 c.e.b.controller.BitcoinController  6 42 4 0
26-12-2019 17:55:34 c.e.b.controller.BitcoinController  6 42 4 0
26-12-2019 17:56:33 c.e.b.controller.BitcoinController  6 42 4 0
26-12-2019 17:56:33 c.e.b.controller.BitcoinController  6 42 4 0
26-12-2019 17:56:33 c.e.b.controller.BitcoinController  6 42 4 0
26-12-2019 17:56:34 c.e.b.controller.BitcoinController  6 42 4 0
26-12-2019 17:56:34 c.e.b.controller.BitcoinController  6 42 4 0
26-12-2019 17:56:34 c.e.b.controller.BitcoinController  6 42 4 0
26-12-2019 17:57:33 c.e.b.controller.BitcoinController  6 42 4 0
26-12-2019 17:57:33 c.e.b.controller.BitcoinController  6 42 4 0
26-12-2019 17:57:33 c.e.b.controller.BitcoinController  6 42 4 0
26-12-2019 17:57:34 c.e.b.controller.BitcoinController  6 42 4 0
26-12-2019 17:57:34 c.e.b.controller.BitcoinController  6 42 4 0
26-12-2019 17:57:34 c.e.b.controller.BitcoinController  6 42 4 0
26-12-2019 17:58:33 c.e.b.controller.BitcoinController  6 42 4 0
26-12-2019 17:58:33 c.e.b.controller.BitcoinController  6 42 4 0
26-12-2019 17:58:33 c.e.b.controller.BitcoinController  6 42 4 0
26-12-2019 17:58:33 c.e.b.controller.BitcoinController  6 42 4 0
26-12-2019 17:58:34 c.e.b.controller.BitcoinController  6 42 4 0
26-12-2019 17:58:34 c.e.b.controller.BitcoinController  6 42 4 0
26-12-2019 17:59:33 c.e.b.controller.BitcoinController  6 42 4 0
26-12-2019 17:59:33 c.e.b.controller.BitcoinController  6 42 4 0
26-12-2019 17:59:33 c.e.b.controller.BitcoinController  6 42 4 0
26-12-2019 17:59:34 c.e.b.controller.BitcoinController  6 42 4 0
26-12-2019 17:59:34 c.e.b.controller.BitcoinController  6 42 4 0
26-12-2019 17:59:34 c.e.b.controller.BitcoinController  6 42 4 0
26-12-2019 18:00:33 c.e.b.controller.BitcoinController  6 42 4 0
26-12-2019 18:00:33 c.e.b.controller.BitcoinController  6 42 4 0
26-12-2019 18:00:34 c.e.b.controller.BitcoinController  6 42 4 0
26-12-2019 18:00:34 c.e.b.controller.BitcoinController  6 42 4 0
26-12-2019 18:00:34 c.e.b.controller.BitcoinController  6 42 4 0
26-12-2019 18:00:34 c.e.b.controller.BitcoinController  6 42 4 0
26-12-2019 18:01:33 c.e.b.controller.BitcoinController  6 42 4 0
26-12-2019 18:01:33 c.e.b.controller.BitcoinController  6 42 4 0
26-12-2019 18:01:33 c.e.b.controller.BitcoinController  6 42 4 0
26-12-2019 18:01:34 c.e.b.controller.BitcoinController  6 42 4 0
26-12-2019 18:01:34 c.e.b.controller.BitcoinController  6 42 4 0
26-12-2019 18:01:34 c.e.b.controller.BitcoinController  6 42 4 0
26-12-2019 18:02:33 c.e.b.controller.BitcoinController  6 42 4 0
26-12-2019 18:02:34 c.e.b.controller.BitcoinController  6 42 4 0
26-12-2019 18:02:35 c.e.b.controller.BitcoinController  6 42 4 0
26-12-2019 18:02:35 c.e.b.controller.BitcoinController  6 42 4 0
26-12-2019 18:02:35 c.e.b.controller.BitcoinController  6 42 4 0
26-12-2019 18:02:35 c.e.b.controller.BitcoinController  6 42 4 0
26-12-2019 18:03:33 c.e.b.controller.BitcoinController  6 42 4 0
26-12-2019 18:03:33 c.e.b.controller.BitcoinController  6 42 4 0
26-12-2019 18:03:33 c.e.b.controller.BitcoinController  6 42 4 0
26-12-2019 18:03:33 c.e.b.controller.BitcoinController  6 42 4 0
26-12-2019 18:03:34 c.e.b.controller.BitcoinController  6 42 4 0
26-12-2019 18:03:34 c.e.b.controller.BitcoinController  6 42 4 0
26-12-2019 18:04:33 c.e.b.controller.BitcoinController  6 42 4 0
26-12-2019 18:04:33 c.e.b.controller.BitcoinController  6 42 4 0
26-12-2019 18:04:33 c.e.b.controller.BitcoinController  6 42 4 0
26-12-2019 18:04:34 c.e.b.controller.BitcoinController  6 42 4 0
26-12-2019 18:04:34 c.e.b.controller.BitcoinController  6 42 4 0
26-12-2019 18:04:34 c.e.b.controller.BitcoinController  6 42 4 0
26-12-2019 18:05:33 c.e.b.controller.BitcoinController  6 42 4 0
26-12-2019 18:05:33 c.e.b.controller.BitcoinController  6 42 4 0
26-12-2019 18:05:33 c.e.b.controller.BitcoinController  6 42 4 0
26-12-2019 18:05:34 c.e.b.controller.BitcoinController  6 42 4 0
26-12-2019 18:05:34 c.e.b.controller.BitcoinController  6 42 4 0
26-12-2019 18:05:34 c.e.b.controller.BitcoinController  6 42 4 0
26-12-2019 18:06:33 c.e.b.controller.BitcoinController  6 42 4 0
26-12-2019 18:06:33 c.e.b.controller.BitcoinController  6 42 4 0
26-12-2019 18:06:33 c.e.b.controller.BitcoinController  6 42 4 0
26-12-2019 18:06:34 c.e.b.controller.BitcoinController  6 42 4 0
26-12-2019 18:06:34 c.e.b.controller.BitcoinController  6 42 4 0
26-12-2019 18:06:34 c.e.b.controller.BitcoinController  6 42 4 0
26-12-2019 18:07:33 c.e.b.controller.BitcoinController  6 42 4 0
26-12-2019 18:07:33 c.e.b.controller.BitcoinController  6 42 4 0
26-12-2019 18:07:33 c.e.b.controller.BitcoinController  6 42 4 0
26-12-2019 18:07:34 c.e.b.controller.BitcoinController  6 42 4 0
26-12-2019 18:07:34 c.e.b.controller.BitcoinController  6 42 4 0
26-12-2019 18:07:34 c.e.b.controller.BitcoinController  6 42 4 0
26-12-2019 18:08:33 c.e.b.controller.BitcoinController  6 42 4 0
26-12-2019 18:08:33 c.e.b.controller.BitcoinController  6 42 4 0
26-12-2019 18:08:33 c.e.b.controller.BitcoinController  6 42 4 0
26-12-2019 18:08:34 c.e.b.controller.BitcoinController  6 42 4 0
26-12-2019 18:08:34 c.e.b.controller.BitcoinController  6 42 4 0
26-12-2019 18:08:34 c.e.b.controller.BitcoinController  6 42 4 0
26-12-2019 18:09:33 c.e.b.controller.BitcoinController  6 42 4 0
26-12-2019 18:09:33 c.e.b.controller.BitcoinController  6 42 4 0
26-12-2019 18:09:33 c.e.b.controller.BitcoinController  6 42 4 0
26-12-2019 18:09:34 c.e.b.controller.BitcoinController  6 42 4 0
26-12-2019 18:09:34 c.e.b.controller.BitcoinController  6 42 4 0
26-12-2019 18:09:34 c.e.b.controller.BitcoinController  6 42 4 0
26-12-2019 18:10:33 c.e.b.controller.BitcoinController  6 42 4 0
26-12-2019 18:10:33 c.e.b.controller.BitcoinController  6 42 4 0
26-12-2019 18:10:33 c.e.b.controller.BitcoinController  6 42 4 0
26-12-2019 18:10:34 c.e.b.controller.BitcoinController  6 42 4 0
26-12-2019 18:10:34 c.e.b.controller.BitcoinController  6 42 4 0
26-12-2019 18:10:34 c.e.b.controller.BitcoinController  6 42 4 0
26-12-2019 18:11:33 c.e.b.controller.BitcoinController  6 42 4 0
26-12-2019 18:11:33 c.e.b.controller.BitcoinController  6 42 4 0
26-12-2019 18:11:33 c.e.b.controller.BitcoinController  6 42 4 0
26-12-2019 18:11:34 c.e.b.controller.BitcoinController  6 42 4 0
26-12-2019 18:11:34 c.e.b.controller.BitcoinController  6 42 4 0
26-12-2019 18:11:34 c.e.b.controller.BitcoinController  6 42 4 0
26-12-2019 18:12:33 c.e.b.controller.BitcoinController  6 42 4 0
26-12-2019 18:12:33 c.e.b.controller.BitcoinController  6 42 4 0
26-12-2019 18:12:33 c.e.b.controller.BitcoinController  6 42 4 0
26-12-2019 18:12:34 c.e.b.controller.BitcoinController  6 42 4 0
26-12-2019 18:12:34 c.e.b.controller.BitcoinController  6 42 4 0
26-12-2019 18:12:34 c.e.b.controller.BitcoinController  6 42 4 0
26-12-2019 18:13:33 c.e.b.controller.BitcoinController  6 42 4 0
26-12-2019 18:13:33 c.e.b.controller.BitcoinController  6 42 4 0
26-12-2019 18:13:34 c.e.b.controller.BitcoinController  6 42 4 0
26-12-2019 18:13:34 c.e.b.controller.BitcoinController  6 42 4 0
26-12-2019 18:13:34 c.e.b.controller.BitcoinController  6 42 4 0
26-12-2019 18:13:35 c.e.b.controller.BitcoinController  6 42 4 0
26-12-2019 18:14:33 c.e.b.controller.BitcoinController  6 42 4 0
26-12-2019 18:14:33 c.e.b.controller.BitcoinController  6 42 4 0
26-12-2019 18:14:34 c.e.b.controller.BitcoinController  6 42 4 0
26-12-2019 18:14:34 c.e.b.controller.BitcoinController  6 42 4 0
26-12-2019 18:14:35 c.e.b.controller.BitcoinController  6 42 4 0
26-12-2019 18:14:35 c.e.b.controller.BitcoinController  6 42 4 0
26-12-2019 18:15:33 c.e.b.controller.BitcoinController  6 42 4 0
26-12-2019 18:15:33 c.e.b.controller.BitcoinController  6 42 4 0
26-12-2019 18:15:33 c.e.b.controller.BitcoinController  6 42 4 0
26-12-2019 18:15:34 c.e.b.controller.BitcoinController  6 42 4 0
26-12-2019 18:15:34 c.e.b.controller.BitcoinController  6 42 4 0
26-12-2019 18:15:34 c.e.b.controller.BitcoinController  6 42 4 0
26-12-2019 18:16:33 c.e.b.controller.BitcoinController  6 42 4 0
26-12-2019 18:16:33 c.e.b.controller.BitcoinController  6 42 4 0
26-12-2019 18:16:33 c.e.b.controller.BitcoinController  6 42 4 0
26-12-2019 18:16:33 c.e.b.controller.BitcoinController  6 42 4 0
26-12-2019 18:16:34 c.e.b.controller.BitcoinController  6 42 4 0
26-12-2019 18:16:34 c.e.b.controller.BitcoinController  6 42 4 0
26-12-2019 18:17:33 c.e.b.controller.BitcoinController  6 42 4 0
26-12-2019 18:17:33 c.e.b.controller.BitcoinController  6 42 4 0
26-12-2019 18:17:33 c.e.b.controller.BitcoinController  6 42 4 0
26-12-2019 18:17:33 c.e.b.controller.BitcoinController  6 42 4 0
26-12-2019 18:17:34 c.e.b.controller.BitcoinController  6 42 4 0
26-12-2019 18:17:34 c.e.b.controller.BitcoinController  6 42 4 0
26-12-2019 18:18:33 c.e.b.controller.BitcoinController  6 42 4 0
26-12-2019 18:18:33 c.e.b.controller.BitcoinController  6 42 4 0
26-12-2019 18:18:33 c.e.b.controller.BitcoinController  6 42 4 0
26-12-2019 18:18:33 c.e.b.controller.BitcoinController  6 42 4 0
26-12-2019 18:18:34 c.e.b.controller.BitcoinController  6 42 4 0
26-12-2019 18:18:34 c.e.b.controller.BitcoinController  6 42 4 0
26-12-2019 18:19:33 c.e.b.controller.BitcoinController  6 42 4 0
26-12-2019 18:19:33 c.e.b.controller.BitcoinController  6 42 4 0
26-12-2019 18:19:34 c.e.b.controller.BitcoinController  6 42 4 0
26-12-2019 18:19:34 c.e.b.controller.BitcoinController  6 42 4 0
26-12-2019 18:19:35 c.e.b.controller.BitcoinController  6 42 4 0
26-12-2019 18:19:35 c.e.b.controller.BitcoinController  6 42 4 0
26-12-2019 18:20:36 c.e.b.controller.BitcoinController  6 42 4 0
26-12-2019 18:20:37 c.e.b.controller.BitcoinController  6 42 4 0
26-12-2019 18:20:37 c.e.b.controller.BitcoinController  6 42 4 0
26-12-2019 18:20:38 c.e.b.controller.BitcoinController  6 42 4 0
26-12-2019 18:20:38 c.e.b.controller.BitcoinController  6 42 4 0
26-12-2019 18:20:39 c.e.b.controller.BitcoinController  6 42 4 0
26-12-2019 18:21:33 c.e.b.controller.BitcoinController  6 42 4 0
26-12-2019 18:21:33 c.e.b.controller.BitcoinController  6 42 4 0
26-12-2019 18:21:33 c.e.b.controller.BitcoinController  6 42 4 0
26-12-2019 18:21:34 c.e.b.controller.BitcoinController  6 42 4 0
26-12-2019 18:21:34 c.e.b.controller.BitcoinController  6 42 4 0
26-12-2019 18:21:34 c.e.b.controller.BitcoinController  6 42 4 0
26-12-2019 18:22:33 c.e.b.controller.BitcoinController  6 42 4 0
26-12-2019 18:22:33 c.e.b.controller.BitcoinController  6 42 4 0
26-12-2019 18:22:33 c.e.b.controller.BitcoinController  6 42 4 0
26-12-2019 18:22:34 c.e.b.controller.BitcoinController  6 42 4 0
26-12-2019 18:22:34 c.e.b.controller.BitcoinController  6 42 4 0
26-12-2019 18:22:34 c.e.b.controller.BitcoinController  6 42 4 0
26-12-2019 18:23:33 c.e.b.controller.BitcoinController  6 42 4 0
26-12-2019 18:23:33 c.e.b.controller.BitcoinController  6 42 4 0
26-12-2019 18:23:33 c.e.b.controller.BitcoinController  6 42 4 0
26-12-2019 18:23:33 c.e.b.controller.BitcoinController  6 42 4 0
26-12-2019 18:23:34 c.e.b.controller.BitcoinController  6 42 4 0
26-12-2019 18:23:34 c.e.b.controller.BitcoinController  6 42 4 0
26-12-2019 18:24:33 c.e.b.controller.BitcoinController  6 42 4 0
26-12-2019 18:24:33 c.e.b.controller.BitcoinController  6 42 4 0
26-12-2019 18:24:33 c.e.b.controller.BitcoinController  6 42 4 0
26-12-2019 18:24:33 c.e.b.controller.BitcoinController  6 42 4 0
26-12-2019 18:24:34 c.e.b.controller.BitcoinController  6 42 4 0
26-12-2019 18:24:34 c.e.b.controller.BitcoinController  6 42 4 0
26-12-2019 18:25:33 c.e.b.controller.BitcoinController  6 42 4 0
26-12-2019 18:25:33 c.e.b.controller.BitcoinController  6 42 4 0
26-12-2019 18:25:34 c.e.b.controller.BitcoinController  6 42 4 0
26-12-2019 18:25:34 c.e.b.controller.BitcoinController  6 42 4 0
26-12-2019 18:25:34 c.e.b.controller.BitcoinController  6 42 4 0
26-12-2019 18:25:34 c.e.b.controller.BitcoinController  6 42 4 0
26-12-2019 18:26:33 c.e.b.controller.BitcoinController  6 42 4 0
26-12-2019 18:26:33 c.e.b.controller.BitcoinController  6 42 4 0
26-12-2019 18:26:33 c.e.b.controller.BitcoinController  6 42 4 0
26-12-2019 18:26:34 c.e.b.controller.BitcoinController  6 42 4 0
26-12-2019 18:26:34 c.e.b.controller.BitcoinController  6 42 4 0
26-12-2019 18:26:34 c.e.b.controller.BitcoinController  6 42 4 0
26-12-2019 18:27:33 c.e.b.controller.BitcoinController  6 42 4 0
26-12-2019 18:27:33 c.e.b.controller.BitcoinController  6 42 4 0
26-12-2019 18:27:33 c.e.b.controller.BitcoinController  6 42 4 0
26-12-2019 18:27:33 c.e.b.controller.BitcoinController  6 42 4 0
26-12-2019 18:27:34 c.e.b.controller.BitcoinController  6 42 4 0
26-12-2019 18:27:34 c.e.b.controller.BitcoinController  6 42 4 0
26-12-2019 18:28:33 c.e.b.controller.BitcoinController  6 42 4 0
26-12-2019 18:28:33 c.e.b.controller.BitcoinController  6 42 4 0
26-12-2019 18:28:33 c.e.b.controller.BitcoinController  6 42 4 0
26-12-2019 18:28:34 c.e.b.controller.BitcoinController  6 42 4 0
26-12-2019 18:28:34 c.e.b.controller.BitcoinController  6 42 4 0
26-12-2019 18:28:34 c.e.b.controller.BitcoinController  6 42 4 0
26-12-2019 18:29:33 c.e.b.controller.BitcoinController  6 42 4 0
26-12-2019 18:29:34 c.e.b.controller.BitcoinController  6 42 4 0
26-12-2019 18:29:34 c.e.b.controller.BitcoinController  6 42 4 0
26-12-2019 18:29:34 c.e.b.controller.BitcoinController  6 42 4 0
26-12-2019 18:29:34 c.e.b.controller.BitcoinController  6 42 4 0
26-12-2019 18:29:34 c.e.b.controller.BitcoinController  6 42 4 0
26-12-2019 18:30:33 c.e.b.controller.BitcoinController  6 42 4 0
26-12-2019 18:30:33 c.e.b.controller.BitcoinController  6 42 4 0
26-12-2019 18:30:33 c.e.b.controller.BitcoinController  6 42 4 0
26-12-2019 18:30:34 c.e.b.controller.BitcoinController  6 42 4 0
26-12-2019 18:30:34 c.e.b.controller.BitcoinController  6 42 4 0
26-12-2019 18:30:34 c.e.b.controller.BitcoinController  6 42 4 0
26-12-2019 18:31:33 c.e.b.controller.BitcoinController  6 42 4 0
26-12-2019 18:31:33 c.e.b.controller.BitcoinController  6 42 4 0
26-12-2019 18:31:33 c.e.b.controller.BitcoinController  6 42 4 0
26-12-2019 18:31:34 c.e.b.controller.BitcoinController  6 42 4 0
26-12-2019 18:31:34 c.e.b.controller.BitcoinController  6 42 4 0
26-12-2019 18:31:34 c.e.b.controller.BitcoinController  6 42 4 0
26-12-2019 18:32:33 c.e.b.controller.BitcoinController  6 42 4 0
26-12-2019 18:32:33 c.e.b.controller.BitcoinController  6 42 4 0
26-12-2019 18:32:34 c.e.b.controller.BitcoinController  6 42 4 0
26-12-2019 18:32:34 c.e.b.controller.BitcoinController  6 42 4 0
26-12-2019 18:32:34 c.e.b.controller.BitcoinController  6 42 4 0
26-12-2019 18:32:34 c.e.b.controller.BitcoinController  6 42 4 0
26-12-2019 18:33:34 c.e.b.controller.BitcoinController  6 42 4 0
26-12-2019 18:33:34 c.e.b.controller.BitcoinController  6 42 4 0
26-12-2019 18:33:35 c.e.b.controller.BitcoinController  6 42 4 0
26-12-2019 18:33:35 c.e.b.controller.BitcoinController  6 42 4 0
26-12-2019 18:33:35 c.e.b.controller.BitcoinController  6 42 4 0
26-12-2019 18:33:35 c.e.b.controller.BitcoinController  6 42 4 0
26-12-2019 18:34:33 c.e.b.controller.BitcoinController  6 42 4 0
26-12-2019 18:34:33 c.e.b.controller.BitcoinController  6 42 4 0
26-12-2019 18:34:33 c.e.b.controller.BitcoinController  6 42 4 0
26-12-2019 18:34:34 c.e.b.controller.BitcoinController  6 42 4 0
26-12-2019 18:34:34 c.e.b.controller.BitcoinController  6 42 4 0
26-12-2019 18:34:34 c.e.b.controller.BitcoinController  6 42 4 0
26-12-2019 18:35:33 c.e.b.controller.BitcoinController  6 42 4 0
26-12-2019 18:35:33 c.e.b.controller.BitcoinController  6 42 4 0
26-12-2019 18:35:33 c.e.b.controller.BitcoinController  6 42 4 0
26-12-2019 18:35:34 c.e.b.controller.BitcoinController  6 42 4 0
26-12-2019 18:35:34 c.e.b.controller.BitcoinController  6 42 4 0
26-12-2019 18:35:34 c.e.b.controller.BitcoinController  6 42 4 0
